0 info it worked if it ends with ok
1 verbose cli [ '/Users/matsumotokazuma/.ndenv/versions/v4.4.5/bin/node',
1 verbose cli   '/Users/matsumotokazuma/.ndenv/versions/v4.4.5/bin/npm',
1 verbose cli   'run',
1 verbose cli   'watch' ]
2 info using npm@2.15.5
3 info using node@v4.4.5
4 verbose run-script [ 'prewatch', 'watch', 'postwatch' ]
5 info prewatch othlo_hackathon@1.0.0
6 info watch othlo_hackathon@1.0.0
7 verbose unsafe-perm in lifecycle true
8 info othlo_hackathon@1.0.0 Failed to exec watch script
9 verbose stack Error: othlo_hackathon@1.0.0 watch: `npm run watch-scss & npm run server`
9 verbose stack Exit status 1
9 verbose stack     at EventEmitter.<anonymous> (/Users/matsumotokazuma/.ndenv/versions/v4.4.5/lib/node_modules/npm/lib/utils/lifecycle.js:217:16)
9 verbose stack     at emitTwo (events.js:87:13)
9 verbose stack     at EventEmitter.emit (events.js:172:7)
9 verbose stack     at ChildProcess.<anonymous> (/Users/matsumotokazuma/.ndenv/versions/v4.4.5/lib/node_modules/npm/lib/utils/spawn.js:24:14)
9 verbose stack     at emitTwo (events.js:87:13)
9 verbose stack     at ChildProcess.emit (events.js:172:7)
9 verbose stack     at maybeClose (internal/child_process.js:827:16)
9 verbose stack     at Process.ChildProcess._handle.onexit (internal/child_process.js:211:5)
10 verbose pkgid othlo_hackathon@1.0.0
11 verbose cwd /Users/matsumotokazuma/develop/othlotech/othlo_hackathon
12 error Darwin 14.3.0
13 error argv "/Users/matsumotokazuma/.ndenv/versions/v4.4.5/bin/node" "/Users/matsumotokazuma/.ndenv/versions/v4.4.5/bin/npm" "run" "watch"
14 error node v4.4.5
15 error npm  v2.15.5
16 error code ELIFECYCLE
17 error othlo_hackathon@1.0.0 watch: `npm run watch-scss & npm run server`
17 error Exit status 1
18 error Failed at the othlo_hackathon@1.0.0 watch script 'npm run watch-scss & npm run server'.
18 error This is most likely a problem with the othlo_hackathon package,
18 error not with npm itself.
18 error Tell the author that this fails on your system:
18 error     npm run watch-scss & npm run server
18 error You can get information on how to open an issue for this project with:
18 error     npm bugs othlo_hackathon
18 error Or if that isn't available, you can get their info via:
18 error
18 error     npm owner ls othlo_hackathon
18 error There is likely additional logging output above.
19 verbose exit [ 1, true ]
